<?xml version="1.0" encoding="UTF-8"?>
<testsuite name="InvoiceServiceTest" tests="4" skipped="0" failures="0" errors="0" timestamp="2020-04-23T18:11:10" hostname="LAPTOP-M8PELJBS" time="0.023">
  <properties/>
  <testcase name="givenUserIdAndRide_ShouldReturnInvoiceSummary" classname="InvoiceServiceTest" time="0.009"/>
  <testcase name="givenLessDistanceAndTimeShouldReturnFare" classname="InvoiceServiceTest" time="0.003"/>
  <testcase name="givenDistanceAndTime_ShouldReturnTotalFare" classname="InvoiceServiceTest" time="0.001"/>
  <testcase name="givenMultipleRides_ShouldReturnInvoiceSummery" classname="InvoiceServiceTest" time="0.001"/>
  <system-out><![CDATA[]]></system-out>
  <system-err><![CDATA[]]></system-err>
</testsuite>
